<?xml version="1.0" encoding="UTF-8"?>
<!-- Generated by org.testng.reporters.JUnitReportReporter -->
<testsuite hostname="Wonder" failures="0" tests="1" name="testng_Script.TestScript_1" time="0.010" errors="0" timestamp="2023-09-30T12:59:33 IST" skipped="0">
  <testcase classname="testng_Script.TestScript_1" name="test1" time="0.010">
    <system-out>
      <![CDATA[Hello]]>
    </system-out>
  </testcase> <!-- test1 -->
  <system-out>
    <![CDATA[Hello
bye]]>
  </system-out>
</testsuite> <!-- testng_Script.TestScript_1 -->
