<?xml version="1.0" encoding="UTF-8"?>
<!-- Generated by org.testng.reporters.JUnitReportReporter -->
<testsuite hostname="Wonder" failures="0" tests="1" name="testng_Script.Sample" time="16.746" errors="0" timestamp="2023-09-30T12:59:33 IST" skipped="0">
  <testcase classname="testng_Script.Sample" name="test1" time="16.746"/>
  <system-out>
    <![CDATA[Hello
bye]]>
  </system-out>
</testsuite> <!-- testng_Script.Sample -->
