<?xml version="1.0" encoding="UTF-8"?>
<!-- Generated by org.testng.reporters.JUnitReportReporter -->
<testsuite hostname="Wonder" failures="0" tests="1" name="testng_Script.TestScript_2" time="0.003" errors="0" timestamp="2023-09-30T12:59:33 IST" skipped="0">
  <testcase classname="testng_Script.TestScript_2" name="test2" time="0.003">
    <system-out>
      <![CDATA[bye]]>
    </system-out>
  </testcase> <!-- test2 -->
  <system-out>
    <![CDATA[Hello
bye]]>
  </system-out>
</testsuite> <!-- testng_Script.TestScript_2 -->
